2024-08-08 21:50:35.779 [info] [main] Log level: Info
2024-08-08 21:50:35.779 [info] [main] Validating found git in: "git"
2024-08-08 21:50:35.779 [info] [main] Using git "2.46.0" from "git"
2024-08-08 21:50:35.779 [info] [Model][doInitialScan] Initial repository scan started
2024-08-08 21:50:35.779 [info] > git rev-parse --show-toplevel [1ms]
2024-08-08 21:50:35.779 [info] fatal: not a git repository (or any parent up to mount point /)
Stopping at filesystem boundary (GIT_DISCOVERY_ACROSS_FILESYSTEM not set).
2024-08-08 21:50:35.779 [info] > git rev-parse --show-toplevel [9ms]
2024-08-08 21:50:35.779 [info] fatal: not a git repository (or any parent up to mount point /)
Stopping at filesystem boundary (GIT_DISCOVERY_ACROSS_FILESYSTEM not set).
2024-08-08 21:50:35.789 [info] > git rev-parse --show-toplevel [6ms]
2024-08-08 21:50:35.789 [info] fatal: not a git repository (or any parent up to mount point /)
Stopping at filesystem boundary (GIT_DISCOVERY_ACROSS_FILESYSTEM not set).
2024-08-08 21:50:35.794 [info] > git rev-parse --show-toplevel [1ms]
2024-08-08 21:50:35.794 [info] fatal: not a git repository (or any parent up to mount point /)
Stopping at filesystem boundary (GIT_DISCOVERY_ACROSS_FILESYSTEM not set).
2024-08-08 21:50:35.797 [info] > git rev-parse --show-toplevel [0ms]
2024-08-08 21:50:35.797 [info] fatal: not a git repository (or any parent up to mount point /)
Stopping at filesystem boundary (GIT_DISCOVERY_ACROSS_FILESYSTEM not set).
2024-08-08 21:50:35.801 [info] > git rev-parse --show-toplevel [0ms]
2024-08-08 21:50:35.801 [info] fatal: not a git repository (or any parent up to mount point /)
Stopping at filesystem boundary (GIT_DISCOVERY_ACROSS_FILESYSTEM not set).
2024-08-08 21:50:35.804 [info] > git rev-parse --show-toplevel [1ms]
2024-08-08 21:50:35.804 [info] fatal: not a git repository (or any parent up to mount point /)
Stopping at filesystem boundary (GIT_DISCOVERY_ACROSS_FILESYSTEM not set).
2024-08-08 21:50:35.808 [info] > git rev-parse --show-toplevel [1ms]
2024-08-08 21:50:35.808 [info] fatal: not a git repository (or any parent up to mount point /)
Stopping at filesystem boundary (GIT_DISCOVERY_ACROSS_FILESYSTEM not set).
2024-08-08 21:50:35.811 [info] > git rev-parse --show-toplevel [1ms]
2024-08-08 21:50:35.811 [info] fatal: not a git repository (or any parent up to mount point /)
Stopping at filesystem boundary (GIT_DISCOVERY_ACROSS_FILESYSTEM not set).
2024-08-08 21:50:35.815 [info] > git rev-parse --show-toplevel [1ms]
2024-08-08 21:50:35.815 [info] fatal: not a git repository (or any parent up to mount point /)
Stopping at filesystem boundary (GIT_DISCOVERY_ACROSS_FILESYSTEM not set).
2024-08-08 21:50:35.818 [info] > git rev-parse --show-toplevel [1ms]
2024-08-08 21:50:35.818 [info] fatal: not a git repository (or any parent up to mount point /)
Stopping at filesystem boundary (GIT_DISCOVERY_ACROSS_FILESYSTEM not set).
2024-08-08 21:50:35.821 [info] > git rev-parse --show-toplevel [0ms]
2024-08-08 21:50:35.821 [info] fatal: not a git repository (or any parent up to mount point /)
Stopping at filesystem boundary (GIT_DISCOVERY_ACROSS_FILESYSTEM not set).
2024-08-08 21:50:35.824 [info] > git rev-parse --show-toplevel [0ms]
2024-08-08 21:50:35.824 [info] fatal: not a git repository (or any parent up to mount point /)
Stopping at filesystem boundary (GIT_DISCOVERY_ACROSS_FILESYSTEM not set).
2024-08-08 21:50:35.828 [info] > git rev-parse --show-toplevel [1ms]
2024-08-08 21:50:35.828 [info] fatal: not a git repository (or any parent up to mount point /)
Stopping at filesystem boundary (GIT_DISCOVERY_ACROSS_FILESYSTEM not set).
2024-08-08 21:50:35.832 [info] > git rev-parse --show-toplevel [1ms]
2024-08-08 21:50:35.832 [info] fatal: not a git repository (or any parent up to mount point /)
Stopping at filesystem boundary (GIT_DISCOVERY_ACROSS_FILESYSTEM not set).
2024-08-08 21:50:35.835 [info] > git rev-parse --show-toplevel [1ms]
2024-08-08 21:50:35.835 [info] fatal: not a git repository (or any parent up to mount point /)
Stopping at filesystem boundary (GIT_DISCOVERY_ACROSS_FILESYSTEM not set).
2024-08-08 21:50:35.839 [info] > git rev-parse --show-toplevel [1ms]
2024-08-08 21:50:35.839 [info] fatal: not a git repository (or any parent up to mount point /)
Stopping at filesystem boundary (GIT_DISCOVERY_ACROSS_FILESYSTEM not set).
2024-08-08 21:50:35.843 [info] > git rev-parse --show-toplevel [1ms]
2024-08-08 21:50:35.843 [info] fatal: not a git repository (or any parent up to mount point /)
Stopping at filesystem boundary (GIT_DISCOVERY_ACROSS_FILESYSTEM not set).
2024-08-08 21:50:35.846 [info] > git rev-parse --show-toplevel [1ms]
2024-08-08 21:50:35.846 [info] fatal: not a git repository (or any parent up to mount point /)
Stopping at filesystem boundary (GIT_DISCOVERY_ACROSS_FILESYSTEM not set).
2024-08-08 21:50:35.849 [info] > git rev-parse --show-toplevel [1ms]
2024-08-08 21:50:35.849 [info] fatal: not a git repository (or any parent up to mount point /)
Stopping at filesystem boundary (GIT_DISCOVERY_ACROSS_FILESYSTEM not set).
2024-08-08 21:50:35.853 [info] > git rev-parse --show-toplevel [1ms]
2024-08-08 21:50:35.853 [info] fatal: not a git repository (or any parent up to mount point /)
Stopping at filesystem boundary (GIT_DISCOVERY_ACROSS_FILESYSTEM not set).
2024-08-08 21:50:35.861 [info] > git rev-parse --show-toplevel [5ms]
2024-08-08 21:50:35.861 [info] fatal: not a git repository (or any parent up to mount point /)
Stopping at filesystem boundary (GIT_DISCOVERY_ACROSS_FILESYSTEM not set).
2024-08-08 21:50:35.865 [info] > git rev-parse --show-toplevel [1ms]
2024-08-08 21:50:35.865 [info] fatal: not a git repository (or any parent up to mount point /)
Stopping at filesystem boundary (GIT_DISCOVERY_ACROSS_FILESYSTEM not set).
2024-08-08 21:50:35.871 [info] > git rev-parse --show-toplevel [2ms]
2024-08-08 21:50:35.871 [info] fatal: not a git repository (or any parent up to mount point /)
Stopping at filesystem boundary (GIT_DISCOVERY_ACROSS_FILESYSTEM not set).
2024-08-08 21:50:35.876 [info] > git rev-parse --show-toplevel [1ms]
2024-08-08 21:50:35.876 [info] fatal: not a git repository (or any parent up to mount point /)
Stopping at filesystem boundary (GIT_DISCOVERY_ACROSS_FILESYSTEM not set).
2024-08-08 21:50:35.882 [info] > git rev-parse --show-toplevel [2ms]
2024-08-08 21:50:35.882 [info] fatal: not a git repository (or any parent up to mount point /)
Stopping at filesystem boundary (GIT_DISCOVERY_ACROSS_FILESYSTEM not set).
2024-08-08 21:50:35.887 [info] > git rev-parse --show-toplevel [1ms]
2024-08-08 21:50:35.887 [info] fatal: not a git repository (or any parent up to mount point /)
Stopping at filesystem boundary (GIT_DISCOVERY_ACROSS_FILESYSTEM not set).
2024-08-08 21:50:35.893 [info] > git rev-parse --show-toplevel [1ms]
2024-08-08 21:50:35.893 [info] fatal: not a git repository (or any parent up to mount point /)
Stopping at filesystem boundary (GIT_DISCOVERY_ACROSS_FILESYSTEM not set).
2024-08-08 21:50:35.898 [info] > git rev-parse --show-toplevel [1ms]
2024-08-08 21:50:35.898 [info] fatal: not a git repository (or any parent up to mount point /)
Stopping at filesystem boundary (GIT_DISCOVERY_ACROSS_FILESYSTEM not set).
2024-08-08 21:50:35.901 [info] > git rev-parse --show-toplevel [0ms]
2024-08-08 21:50:35.901 [info] fatal: not a git repository (or any parent up to mount point /)
Stopping at filesystem boundary (GIT_DISCOVERY_ACROSS_FILESYSTEM not set).
2024-08-08 21:50:35.906 [info] > git rev-parse --show-toplevel [1ms]
2024-08-08 21:50:35.906 [info] fatal: not a git repository (or any parent up to mount point /)
Stopping at filesystem boundary (GIT_DISCOVERY_ACROSS_FILESYSTEM not set).
2024-08-08 21:50:35.909 [info] > git rev-parse --show-toplevel [1ms]
2024-08-08 21:50:35.909 [info] fatal: not a git repository (or any parent up to mount point /)
Stopping at filesystem boundary (GIT_DISCOVERY_ACROSS_FILESYSTEM not set).
2024-08-08 21:50:35.913 [info] > git rev-parse --show-toplevel [1ms]
2024-08-08 21:50:35.913 [info] fatal: not a git repository (or any parent up to mount point /)
Stopping at filesystem boundary (GIT_DISCOVERY_ACROSS_FILESYSTEM not set).
2024-08-08 21:50:35.917 [info] > git rev-parse --show-toplevel [1ms]
2024-08-08 21:50:35.917 [info] fatal: not a git repository (or any parent up to mount point /)
Stopping at filesystem boundary (GIT_DISCOVERY_ACROSS_FILESYSTEM not set).
2024-08-08 21:50:35.920 [info] > git rev-parse --show-toplevel [1ms]
2024-08-08 21:50:35.920 [info] fatal: not a git repository (or any parent up to mount point /)
Stopping at filesystem boundary (GIT_DISCOVERY_ACROSS_FILESYSTEM not set).
2024-08-08 21:50:35.922 [info] [Model][doInitialScan] Initial repository scan completed - repositories (0), closed repositories (0), parent repositories (0), unsafe repositories (0)
2024-08-08 21:50:35.925 [info] > git rev-parse --show-toplevel [1ms]
2024-08-08 21:50:35.925 [info] fatal: not a git repository (or any parent up to mount point /)
Stopping at filesystem boundary (GIT_DISCOVERY_ACROSS_FILESYSTEM not set).
2024-08-08 21:50:35.940 [info] > git rev-parse --show-toplevel [1ms]
2024-08-08 21:50:35.940 [info] fatal: not a git repository (or any parent up to mount point /)
Stopping at filesystem boundary (GIT_DISCOVERY_ACROSS_FILESYSTEM not set).
2024-08-08 21:50:36.102 [info] > git rev-parse --show-toplevel [1ms]
2024-08-08 21:50:36.102 [info] fatal: not a git repository (or any parent up to mount point /)
Stopping at filesystem boundary (GIT_DISCOVERY_ACROSS_FILESYSTEM not set).
2024-08-08 21:50:37.643 [info] > git rev-parse --show-toplevel [1ms]
2024-08-08 21:50:37.643 [info] fatal: not a git repository (or any parent up to mount point /)
Stopping at filesystem boundary (GIT_DISCOVERY_ACROSS_FILESYSTEM not set).
2024-08-08 21:50:39.354 [info] > git rev-parse --show-toplevel [0ms]
2024-08-08 21:50:39.354 [info] fatal: not a git repository (or any parent up to mount point /)
Stopping at filesystem boundary (GIT_DISCOVERY_ACROSS_FILESYSTEM not set).
