2024-08-08 23:15:43.552 [info] Started local extension host with pid 5562.
2024-08-08 23:16:14.732 [error] Error: Unable to resolve nonexistent file '/usr/lib/code/extensions'
    at c.resolve (/usr/lib/code/out/vs/code/node/sharedProcess/sharedProcessMain.js:59:13443)
    at async M.s (/usr/lib/code/out/vs/code/node/sharedProcess/sharedProcessMain.js:105:96701)
    at async M.scanExtensions (/usr/lib/code/out/vs/code/node/sharedProcess/sharedProcessMain.js:105:96453)
    at async M.scanExtensions (/usr/lib/code/out/vs/code/node/sharedProcess/sharedProcessMain.js:105:102776)
    at async d.M (/usr/lib/code/out/vs/code/node/sharedProcess/sharedProcessMain.js:105:93629)
    at async Promise.all (index 0)
    at async d.scanSystemExtensions (/usr/lib/code/out/vs/code/node/sharedProcess/sharedProcessMain.js:105:88151)
    at async Promise.all (index 0)
    at async d.scanAllExtensions (/usr/lib/code/out/vs/code/node/sharedProcess/sharedProcessMain.js:105:87809)
2024-08-08 23:16:14.732 [error] Error: Unable to resolve nonexistent file '/usr/lib/code/extensions'
    at c.resolve (/usr/lib/code/out/vs/code/node/sharedProcess/sharedProcessMain.js:59:13443)
    at async M.s (/usr/lib/code/out/vs/code/node/sharedProcess/sharedProcessMain.js:105:96701)
    at async M.scanExtensions (/usr/lib/code/out/vs/code/node/sharedProcess/sharedProcessMain.js:105:96453)
    at async M.scanExtensions (/usr/lib/code/out/vs/code/node/sharedProcess/sharedProcessMain.js:105:102776)
    at async d.M (/usr/lib/code/out/vs/code/node/sharedProcess/sharedProcessMain.js:105:93629)
    at async Promise.all (index 0)
    at async d.scanSystemExtensions (/usr/lib/code/out/vs/code/node/sharedProcess/sharedProcessMain.js:105:88151)
    at async Promise.all (index 0)
    at async d.scanAllExtensions (/usr/lib/code/out/vs/code/node/sharedProcess/sharedProcessMain.js:105:87809)
2024-08-08 23:16:46.726 [error] Unable to resolve nonexistent file '/usr/lib/code/extensions': Error: Unable to resolve nonexistent file '/usr/lib/code/extensions'
    at c.resolve (/usr/lib/code/out/vs/code/node/sharedProcess/sharedProcessMain.js:59:13443)
    at async M.s (/usr/lib/code/out/vs/code/node/sharedProcess/sharedProcessMain.js:105:96701)
    at async M.scanExtensions (/usr/lib/code/out/vs/code/node/sharedProcess/sharedProcessMain.js:105:96453)
    at async M.scanExtensions (/usr/lib/code/out/vs/code/node/sharedProcess/sharedProcessMain.js:105:102776)
    at async d.M (/usr/lib/code/out/vs/code/node/sharedProcess/sharedProcessMain.js:105:93629)
    at async Promise.all (index 0)
    at async d.scanSystemExtensions (/usr/lib/code/out/vs/code/node/sharedProcess/sharedProcessMain.js:105:88151)
    at async Promise.all (index 0)
    at async d.scanAllExtensions (/usr/lib/code/out/vs/code/node/sharedProcess/sharedProcessMain.js:105:87809)
    at async _.scanExtensions (/usr/lib/code/out/vs/code/node/sharedProcess/sharedProcessMain.js:105:122010)
    at async g.call (/usr/lib/code/out/vs/code/node/sharedProcess/sharedProcessMain.js:67:28371)
2024-08-08 23:16:46.749 [error] Error: Unable to resolve nonexistent file '/usr/lib/code/extensions'
    at c.resolve (/usr/lib/code/out/vs/code/node/sharedProcess/sharedProcessMain.js:59:13443)
    at async M.s (/usr/lib/code/out/vs/code/node/sharedProcess/sharedProcessMain.js:105:96701)
    at async M.scanExtensions (/usr/lib/code/out/vs/code/node/sharedProcess/sharedProcessMain.js:105:96453)
    at async M.scanExtensions (/usr/lib/code/out/vs/code/node/sharedProcess/sharedProcessMain.js:105:102776)
    at async d.M (/usr/lib/code/out/vs/code/node/sharedProcess/sharedProcessMain.js:105:93629)
    at async Promise.all (index 0)
    at async d.scanSystemExtensions (/usr/lib/code/out/vs/code/node/sharedProcess/sharedProcessMain.js:105:88151)
    at async Promise.all (index 0)
    at async d.scanAllExtensions (/usr/lib/code/out/vs/code/node/sharedProcess/sharedProcessMain.js:105:87809)
    at async _.scanExtensions (/usr/lib/code/out/vs/code/node/sharedProcess/sharedProcessMain.js:105:122010)
    at async g.call (/usr/lib/code/out/vs/code/node/sharedProcess/sharedProcessMain.js:67:28371)
2024-08-08 23:16:46.800 [info] [perf] Render performance baseline is 17ms
2024-08-08 23:16:46.864 [error] Error: Unable to resolve nonexistent file '/usr/lib/code/extensions'
    at c.resolve (/usr/lib/code/out/vs/code/node/sharedProcess/sharedProcessMain.js:59:13443)
    at async M.s (/usr/lib/code/out/vs/code/node/sharedProcess/sharedProcessMain.js:105:96701)
    at async M.scanExtensions (/usr/lib/code/out/vs/code/node/sharedProcess/sharedProcessMain.js:105:96453)
    at async M.scanExtensions (/usr/lib/code/out/vs/code/node/sharedProcess/sharedProcessMain.js:105:102776)
    at async d.M (/usr/lib/code/out/vs/code/node/sharedProcess/sharedProcessMain.js:105:93629)
    at async Promise.all (index 0)
    at async d.scanSystemExtensions (/usr/lib/code/out/vs/code/node/sharedProcess/sharedProcessMain.js:105:88151)
    at async Promise.all (index 0)
    at async d.scanAllExtensions (/usr/lib/code/out/vs/code/node/sharedProcess/sharedProcessMain.js:105:87809)
    at async _.scanExtensions (/usr/lib/code/out/vs/code/node/sharedProcess/sharedProcessMain.js:105:122010)
    at async g.call (/usr/lib/code/out/vs/code/node/sharedProcess/sharedProcessMain.js:67:28371)
