2024-08-09 20:58:04.666 [info] [main] Log level: Info
2024-08-09 20:58:04.666 [info] [main] Validating found git in: "git"
2024-08-09 20:58:04.666 [info] [main] Using git "2.46.0" from "git"
2024-08-09 20:58:04.666 [info] [Model][doInitialScan] Initial repository scan started
2024-08-09 20:58:04.666 [info] > git rev-parse --show-toplevel [3ms]
2024-08-09 20:58:04.666 [info] fatal: not a git repository (or any parent up to mount point /)
Stopping at filesystem boundary (GIT_DISCOVERY_ACROSS_FILESYSTEM not set).
2024-08-09 20:58:04.666 [info] [Model][doInitialScan] Initial repository scan completed - repositories (0), closed repositories (0), parent repositories (0), unsafe repositories (0)
2024-08-09 20:58:09.172 [info] > git rev-parse --show-toplevel [1ms]
2024-08-09 20:58:09.172 [info] fatal: not a git repository (or any parent up to mount point /)
Stopping at filesystem boundary (GIT_DISCOVERY_ACROSS_FILESYSTEM not set).
2024-08-09 20:58:10.613 [info] > git rev-parse --show-toplevel [1ms]
2024-08-09 20:58:10.613 [info] fatal: not a git repository (or any parent up to mount point /)
Stopping at filesystem boundary (GIT_DISCOVERY_ACROSS_FILESYSTEM not set).
2024-08-09 21:06:51.113 [info] > git rev-parse --show-toplevel [1ms]
2024-08-09 21:06:51.113 [info] fatal: not a git repository (or any parent up to mount point /)
Stopping at filesystem boundary (GIT_DISCOVERY_ACROSS_FILESYSTEM not set).
2024-08-09 21:09:55.538 [info] [main] Log level: Info
2024-08-09 21:09:55.538 [info] [main] Validating found git in: "git"
2024-08-09 21:09:55.538 [info] [main] Using git "2.46.0" from "git"
2024-08-09 21:09:55.538 [info] [Model][doInitialScan] Initial repository scan started
2024-08-09 21:09:55.539 [info] > git rev-parse --show-toplevel [1ms]
2024-08-09 21:09:55.539 [info] fatal: not a git repository (or any parent up to mount point /)
Stopping at filesystem boundary (GIT_DISCOVERY_ACROSS_FILESYSTEM not set).
2024-08-09 21:09:55.540 [info] [Model][doInitialScan] Initial repository scan completed - repositories (0), closed repositories (0), parent repositories (0), unsafe repositories (0)
2024-08-09 21:09:55.545 [info] > git rev-parse --show-toplevel [1ms]
2024-08-09 21:09:55.545 [info] fatal: not a git repository (or any parent up to mount point /)
Stopping at filesystem boundary (GIT_DISCOVERY_ACROSS_FILESYSTEM not set).
2024-08-09 21:09:55.641 [info] > git rev-parse --show-toplevel [1ms]
2024-08-09 21:09:55.641 [info] fatal: not a git repository (or any parent up to mount point /)
Stopping at filesystem boundary (GIT_DISCOVERY_ACROSS_FILESYSTEM not set).
2024-08-09 21:09:57.154 [info] > git rev-parse --show-toplevel [1ms]
2024-08-09 21:09:57.154 [info] fatal: not a git repository (or any parent up to mount point /)
Stopping at filesystem boundary (GIT_DISCOVERY_ACROSS_FILESYSTEM not set).
2024-08-09 21:09:57.729 [info] > git rev-parse --show-toplevel [1ms]
2024-08-09 21:09:57.729 [info] fatal: not a git repository (or any parent up to mount point /)
Stopping at filesystem boundary (GIT_DISCOVERY_ACROSS_FILESYSTEM not set).
