2024-08-08 21:41:46.209 [info] [main] Log level: Info
2024-08-08 21:41:46.209 [info] [main] Validating found git in: "git"
2024-08-08 21:41:46.209 [info] [main] Using git "2.46.0" from "git"
2024-08-08 21:41:46.209 [info] [Model][doInitialScan] Initial repository scan started
2024-08-08 21:41:46.209 [info] > git rev-parse --show-toplevel [1ms]
2024-08-08 21:41:46.209 [info] fatal: not a git repository (or any parent up to mount point /)
Stopping at filesystem boundary (GIT_DISCOVERY_ACROSS_FILESYSTEM not set).
2024-08-08 21:41:46.209 [info] > git rev-parse --show-toplevel [2ms]
2024-08-08 21:41:46.209 [info] fatal: not a git repository (or any parent up to mount point /)
Stopping at filesystem boundary (GIT_DISCOVERY_ACROSS_FILESYSTEM not set).
2024-08-08 21:41:46.232 [info] > git rev-parse --show-toplevel [0ms]
2024-08-08 21:41:46.232 [info] fatal: not a git repository (or any parent up to mount point /)
Stopping at filesystem boundary (GIT_DISCOVERY_ACROSS_FILESYSTEM not set).
2024-08-08 21:41:46.234 [info] > git rev-parse --show-toplevel [0ms]
2024-08-08 21:41:46.234 [info] fatal: not a git repository (or any parent up to mount point /)
Stopping at filesystem boundary (GIT_DISCOVERY_ACROSS_FILESYSTEM not set).
2024-08-08 21:41:46.238 [info] > git rev-parse --show-toplevel [0ms]
2024-08-08 21:41:46.238 [info] fatal: not a git repository (or any parent up to mount point /)
Stopping at filesystem boundary (GIT_DISCOVERY_ACROSS_FILESYSTEM not set).
2024-08-08 21:41:46.240 [info] > git rev-parse --show-toplevel [0ms]
2024-08-08 21:41:46.240 [info] fatal: not a git repository (or any parent up to mount point /)
Stopping at filesystem boundary (GIT_DISCOVERY_ACROSS_FILESYSTEM not set).
2024-08-08 21:41:46.244 [info] > git rev-parse --show-toplevel [1ms]
2024-08-08 21:41:46.244 [info] fatal: not a git repository (or any parent up to mount point /)
Stopping at filesystem boundary (GIT_DISCOVERY_ACROSS_FILESYSTEM not set).
2024-08-08 21:41:46.247 [info] > git rev-parse --show-toplevel [1ms]
2024-08-08 21:41:46.247 [info] fatal: not a git repository (or any parent up to mount point /)
Stopping at filesystem boundary (GIT_DISCOVERY_ACROSS_FILESYSTEM not set).
2024-08-08 21:41:46.250 [info] > git rev-parse --show-toplevel [0ms]
2024-08-08 21:41:46.250 [info] fatal: not a git repository (or any parent up to mount point /)
Stopping at filesystem boundary (GIT_DISCOVERY_ACROSS_FILESYSTEM not set).
2024-08-08 21:41:46.257 [info] > git rev-parse --show-toplevel [4ms]
2024-08-08 21:41:46.257 [info] fatal: not a git repository (or any parent up to mount point /)
Stopping at filesystem boundary (GIT_DISCOVERY_ACROSS_FILESYSTEM not set).
2024-08-08 21:41:46.263 [info] > git rev-parse --show-toplevel [2ms]
2024-08-08 21:41:46.263 [info] fatal: not a git repository (or any parent up to mount point /)
Stopping at filesystem boundary (GIT_DISCOVERY_ACROSS_FILESYSTEM not set).
2024-08-08 21:41:46.270 [info] > git rev-parse --show-toplevel [2ms]
2024-08-08 21:41:46.270 [info] fatal: not a git repository (or any parent up to mount point /)
Stopping at filesystem boundary (GIT_DISCOVERY_ACROSS_FILESYSTEM not set).
2024-08-08 21:41:46.277 [info] > git rev-parse --show-toplevel [2ms]
2024-08-08 21:41:46.277 [info] fatal: not a git repository (or any parent up to mount point /)
Stopping at filesystem boundary (GIT_DISCOVERY_ACROSS_FILESYSTEM not set).
2024-08-08 21:41:46.282 [info] > git rev-parse --show-toplevel [1ms]
2024-08-08 21:41:46.282 [info] fatal: not a git repository (or any parent up to mount point /)
Stopping at filesystem boundary (GIT_DISCOVERY_ACROSS_FILESYSTEM not set).
2024-08-08 21:41:46.285 [info] > git rev-parse --show-toplevel [1ms]
2024-08-08 21:41:46.285 [info] fatal: not a git repository (or any parent up to mount point /)
Stopping at filesystem boundary (GIT_DISCOVERY_ACROSS_FILESYSTEM not set).
2024-08-08 21:41:46.290 [info] > git rev-parse --show-toplevel [1ms]
2024-08-08 21:41:46.290 [info] fatal: not a git repository (or any parent up to mount point /)
Stopping at filesystem boundary (GIT_DISCOVERY_ACROSS_FILESYSTEM not set).
2024-08-08 21:41:46.295 [info] > git rev-parse --show-toplevel [1ms]
2024-08-08 21:41:46.295 [info] fatal: not a git repository (or any parent up to mount point /)
Stopping at filesystem boundary (GIT_DISCOVERY_ACROSS_FILESYSTEM not set).
2024-08-08 21:41:46.298 [info] > git rev-parse --show-toplevel [1ms]
2024-08-08 21:41:46.298 [info] fatal: not a git repository (or any parent up to mount point /)
Stopping at filesystem boundary (GIT_DISCOVERY_ACROSS_FILESYSTEM not set).
2024-08-08 21:41:46.301 [info] > git rev-parse --show-toplevel [1ms]
2024-08-08 21:41:46.301 [info] fatal: not a git repository (or any parent up to mount point /)
Stopping at filesystem boundary (GIT_DISCOVERY_ACROSS_FILESYSTEM not set).
2024-08-08 21:41:46.304 [info] > git rev-parse --show-toplevel [0ms]
2024-08-08 21:41:46.304 [info] fatal: not a git repository (or any parent up to mount point /)
Stopping at filesystem boundary (GIT_DISCOVERY_ACROSS_FILESYSTEM not set).
2024-08-08 21:41:46.308 [info] > git rev-parse --show-toplevel [1ms]
2024-08-08 21:41:46.308 [info] fatal: not a git repository (or any parent up to mount point /)
Stopping at filesystem boundary (GIT_DISCOVERY_ACROSS_FILESYSTEM not set).
2024-08-08 21:41:46.311 [info] > git rev-parse --show-toplevel [1ms]
2024-08-08 21:41:46.311 [info] fatal: not a git repository (or any parent up to mount point /)
Stopping at filesystem boundary (GIT_DISCOVERY_ACROSS_FILESYSTEM not set).
2024-08-08 21:41:46.314 [info] > git rev-parse --show-toplevel [1ms]
2024-08-08 21:41:46.314 [info] fatal: not a git repository (or any parent up to mount point /)
Stopping at filesystem boundary (GIT_DISCOVERY_ACROSS_FILESYSTEM not set).
2024-08-08 21:41:46.317 [info] > git rev-parse --show-toplevel [1ms]
2024-08-08 21:41:46.317 [info] fatal: not a git repository (or any parent up to mount point /)
Stopping at filesystem boundary (GIT_DISCOVERY_ACROSS_FILESYSTEM not set).
2024-08-08 21:41:46.320 [info] > git rev-parse --show-toplevel [1ms]
2024-08-08 21:41:46.320 [info] fatal: not a git repository (or any parent up to mount point /)
Stopping at filesystem boundary (GIT_DISCOVERY_ACROSS_FILESYSTEM not set).
2024-08-08 21:41:46.324 [info] > git rev-parse --show-toplevel [1ms]
2024-08-08 21:41:46.324 [info] fatal: not a git repository (or any parent up to mount point /)
Stopping at filesystem boundary (GIT_DISCOVERY_ACROSS_FILESYSTEM not set).
2024-08-08 21:41:46.327 [info] > git rev-parse --show-toplevel [1ms]
2024-08-08 21:41:46.327 [info] fatal: not a git repository (or any parent up to mount point /)
Stopping at filesystem boundary (GIT_DISCOVERY_ACROSS_FILESYSTEM not set).
2024-08-08 21:41:46.331 [info] > git rev-parse --show-toplevel [1ms]
2024-08-08 21:41:46.331 [info] fatal: not a git repository (or any parent up to mount point /)
Stopping at filesystem boundary (GIT_DISCOVERY_ACROSS_FILESYSTEM not set).
2024-08-08 21:41:46.334 [info] > git rev-parse --show-toplevel [1ms]
2024-08-08 21:41:46.334 [info] fatal: not a git repository (or any parent up to mount point /)
Stopping at filesystem boundary (GIT_DISCOVERY_ACROSS_FILESYSTEM not set).
2024-08-08 21:41:46.337 [info] > git rev-parse --show-toplevel [1ms]
2024-08-08 21:41:46.337 [info] fatal: not a git repository (or any parent up to mount point /)
Stopping at filesystem boundary (GIT_DISCOVERY_ACROSS_FILESYSTEM not set).
2024-08-08 21:41:46.340 [info] > git rev-parse --show-toplevel [1ms]
2024-08-08 21:41:46.340 [info] fatal: not a git repository (or any parent up to mount point /)
Stopping at filesystem boundary (GIT_DISCOVERY_ACROSS_FILESYSTEM not set).
2024-08-08 21:41:46.343 [info] > git rev-parse --show-toplevel [1ms]
2024-08-08 21:41:46.343 [info] fatal: not a git repository (or any parent up to mount point /)
Stopping at filesystem boundary (GIT_DISCOVERY_ACROSS_FILESYSTEM not set).
2024-08-08 21:41:46.350 [info] > git rev-parse --show-toplevel [5ms]
2024-08-08 21:41:46.350 [info] fatal: not a git repository (or any parent up to mount point /)
Stopping at filesystem boundary (GIT_DISCOVERY_ACROSS_FILESYSTEM not set).
2024-08-08 21:41:46.354 [info] > git rev-parse --show-toplevel [1ms]
2024-08-08 21:41:46.354 [info] fatal: not a git repository (or any parent up to mount point /)
Stopping at filesystem boundary (GIT_DISCOVERY_ACROSS_FILESYSTEM not set).
2024-08-08 21:41:46.357 [info] > git rev-parse --show-toplevel [1ms]
2024-08-08 21:41:46.357 [info] fatal: not a git repository (or any parent up to mount point /)
Stopping at filesystem boundary (GIT_DISCOVERY_ACROSS_FILESYSTEM not set).
2024-08-08 21:41:46.360 [info] > git rev-parse --show-toplevel [1ms]
2024-08-08 21:41:46.360 [info] fatal: not a git repository (or any parent up to mount point /)
Stopping at filesystem boundary (GIT_DISCOVERY_ACROSS_FILESYSTEM not set).
2024-08-08 21:41:46.361 [info] [Model][doInitialScan] Initial repository scan completed - repositories (0), closed repositories (0), parent repositories (0), unsafe repositories (0)
2024-08-08 21:41:46.365 [info] > git rev-parse --show-toplevel [1ms]
2024-08-08 21:41:46.365 [info] fatal: not a git repository (or any parent up to mount point /)
Stopping at filesystem boundary (GIT_DISCOVERY_ACROSS_FILESYSTEM not set).
2024-08-08 21:41:46.367 [info] > git rev-parse --show-toplevel [0ms]
2024-08-08 21:41:46.367 [info] fatal: not a git repository (or any parent up to mount point /)
Stopping at filesystem boundary (GIT_DISCOVERY_ACROSS_FILESYSTEM not set).
2024-08-08 21:41:46.403 [info] > git rev-parse --show-toplevel [1ms]
2024-08-08 21:41:46.403 [info] fatal: not a git repository (or any parent up to mount point /)
Stopping at filesystem boundary (GIT_DISCOVERY_ACROSS_FILESYSTEM not set).
2024-08-08 21:41:48.142 [info] > git rev-parse --show-toplevel [1ms]
2024-08-08 21:41:48.142 [info] fatal: not a git repository (or any parent up to mount point /)
Stopping at filesystem boundary (GIT_DISCOVERY_ACROSS_FILESYSTEM not set).
2024-08-08 21:43:56.056 [info] > git rev-parse --show-toplevel [1ms]
2024-08-08 21:43:56.057 [info] fatal: not a git repository (or any parent up to mount point /)
Stopping at filesystem boundary (GIT_DISCOVERY_ACROSS_FILESYSTEM not set).
2024-08-08 21:45:23.159 [info] > git rev-parse --show-toplevel [1ms]
2024-08-08 21:45:23.159 [info] fatal: not a git repository (or any parent up to mount point /)
Stopping at filesystem boundary (GIT_DISCOVERY_ACROSS_FILESYSTEM not set).
2024-08-08 21:45:29.059 [info] > git rev-parse --show-toplevel [1ms]
2024-08-08 21:45:29.059 [info] fatal: not a git repository (or any parent up to mount point /)
Stopping at filesystem boundary (GIT_DISCOVERY_ACROSS_FILESYSTEM not set).
2024-08-08 21:45:30.628 [info] > git rev-parse --show-toplevel [1ms]
2024-08-08 21:45:30.628 [info] fatal: not a git repository (or any parent up to mount point /)
Stopping at filesystem boundary (GIT_DISCOVERY_ACROSS_FILESYSTEM not set).
