2024-08-08 21:50:03.943 [info] [main] Log level: Info
2024-08-08 21:50:03.943 [info] [main] Validating found git in: "git"
2024-08-08 21:50:03.943 [info] [main] Using git "2.46.0" from "git"
2024-08-08 21:50:03.943 [info] [Model][doInitialScan] Initial repository scan started
2024-08-08 21:50:03.943 [info] > git rev-parse --show-toplevel [13ms]
2024-08-08 21:50:03.943 [info] fatal: not a git repository (or any parent up to mount point /)
Stopping at filesystem boundary (GIT_DISCOVERY_ACROSS_FILESYSTEM not set).
2024-08-08 21:50:03.943 [info] > git rev-parse --show-toplevel [1ms]
2024-08-08 21:50:03.943 [info] fatal: not a git repository (or any parent up to mount point /)
Stopping at filesystem boundary (GIT_DISCOVERY_ACROSS_FILESYSTEM not set).
2024-08-08 21:50:03.948 [info] > git rev-parse --show-toplevel [1ms]
2024-08-08 21:50:03.948 [info] fatal: not a git repository (or any parent up to mount point /)
Stopping at filesystem boundary (GIT_DISCOVERY_ACROSS_FILESYSTEM not set).
2024-08-08 21:50:03.952 [info] > git rev-parse --show-toplevel [1ms]
2024-08-08 21:50:03.952 [info] fatal: not a git repository (or any parent up to mount point /)
Stopping at filesystem boundary (GIT_DISCOVERY_ACROSS_FILESYSTEM not set).
2024-08-08 21:50:03.956 [info] > git rev-parse --show-toplevel [1ms]
2024-08-08 21:50:03.956 [info] fatal: not a git repository (or any parent up to mount point /)
Stopping at filesystem boundary (GIT_DISCOVERY_ACROSS_FILESYSTEM not set).
2024-08-08 21:50:03.960 [info] > git rev-parse --show-toplevel [1ms]
2024-08-08 21:50:03.960 [info] fatal: not a git repository (or any parent up to mount point /)
Stopping at filesystem boundary (GIT_DISCOVERY_ACROSS_FILESYSTEM not set).
2024-08-08 21:50:03.963 [info] > git rev-parse --show-toplevel [1ms]
2024-08-08 21:50:03.963 [info] fatal: not a git repository (or any parent up to mount point /)
Stopping at filesystem boundary (GIT_DISCOVERY_ACROSS_FILESYSTEM not set).
2024-08-08 21:50:03.966 [info] > git rev-parse --show-toplevel [1ms]
2024-08-08 21:50:03.966 [info] fatal: not a git repository (or any parent up to mount point /)
Stopping at filesystem boundary (GIT_DISCOVERY_ACROSS_FILESYSTEM not set).
2024-08-08 21:50:03.972 [info] > git rev-parse --show-toplevel [3ms]
2024-08-08 21:50:03.972 [info] fatal: not a git repository (or any parent up to mount point /)
Stopping at filesystem boundary (GIT_DISCOVERY_ACROSS_FILESYSTEM not set).
2024-08-08 21:50:03.976 [info] > git rev-parse --show-toplevel [1ms]
2024-08-08 21:50:03.976 [info] fatal: not a git repository (or any parent up to mount point /)
Stopping at filesystem boundary (GIT_DISCOVERY_ACROSS_FILESYSTEM not set).
2024-08-08 21:50:03.980 [info] > git rev-parse --show-toplevel [1ms]
2024-08-08 21:50:03.980 [info] fatal: not a git repository (or any parent up to mount point /)
Stopping at filesystem boundary (GIT_DISCOVERY_ACROSS_FILESYSTEM not set).
2024-08-08 21:50:03.984 [info] > git rev-parse --show-toplevel [1ms]
2024-08-08 21:50:03.984 [info] fatal: not a git repository (or any parent up to mount point /)
Stopping at filesystem boundary (GIT_DISCOVERY_ACROSS_FILESYSTEM not set).
2024-08-08 21:50:03.987 [info] > git rev-parse --show-toplevel [1ms]
2024-08-08 21:50:03.987 [info] fatal: not a git repository (or any parent up to mount point /)
Stopping at filesystem boundary (GIT_DISCOVERY_ACROSS_FILESYSTEM not set).
2024-08-08 21:50:03.991 [info] > git rev-parse --show-toplevel [1ms]
2024-08-08 21:50:03.991 [info] fatal: not a git repository (or any parent up to mount point /)
Stopping at filesystem boundary (GIT_DISCOVERY_ACROSS_FILESYSTEM not set).
2024-08-08 21:50:03.996 [info] > git rev-parse --show-toplevel [1ms]
2024-08-08 21:50:03.996 [info] fatal: not a git repository (or any parent up to mount point /)
Stopping at filesystem boundary (GIT_DISCOVERY_ACROSS_FILESYSTEM not set).
2024-08-08 21:50:03.999 [info] > git rev-parse --show-toplevel [1ms]
2024-08-08 21:50:03.999 [info] fatal: not a git repository (or any parent up to mount point /)
Stopping at filesystem boundary (GIT_DISCOVERY_ACROSS_FILESYSTEM not set).
2024-08-08 21:50:04.002 [info] > git rev-parse --show-toplevel [1ms]
2024-08-08 21:50:04.002 [info] fatal: not a git repository (or any parent up to mount point /)
Stopping at filesystem boundary (GIT_DISCOVERY_ACROSS_FILESYSTEM not set).
2024-08-08 21:50:04.006 [info] > git rev-parse --show-toplevel [1ms]
2024-08-08 21:50:04.006 [info] fatal: not a git repository (or any parent up to mount point /)
Stopping at filesystem boundary (GIT_DISCOVERY_ACROSS_FILESYSTEM not set).
2024-08-08 21:50:04.011 [info] > git rev-parse --show-toplevel [1ms]
2024-08-08 21:50:04.011 [info] fatal: not a git repository (or any parent up to mount point /)
Stopping at filesystem boundary (GIT_DISCOVERY_ACROSS_FILESYSTEM not set).
2024-08-08 21:50:04.015 [info] > git rev-parse --show-toplevel [1ms]
2024-08-08 21:50:04.015 [info] fatal: not a git repository (or any parent up to mount point /)
Stopping at filesystem boundary (GIT_DISCOVERY_ACROSS_FILESYSTEM not set).
2024-08-08 21:50:04.020 [info] > git rev-parse --show-toplevel [2ms]
2024-08-08 21:50:04.020 [info] fatal: not a git repository (or any parent up to mount point /)
Stopping at filesystem boundary (GIT_DISCOVERY_ACROSS_FILESYSTEM not set).
2024-08-08 21:50:04.024 [info] > git rev-parse --show-toplevel [1ms]
2024-08-08 21:50:04.024 [info] fatal: not a git repository (or any parent up to mount point /)
Stopping at filesystem boundary (GIT_DISCOVERY_ACROSS_FILESYSTEM not set).
2024-08-08 21:50:04.030 [info] > git rev-parse --show-toplevel [2ms]
2024-08-08 21:50:04.030 [info] fatal: not a git repository (or any parent up to mount point /)
Stopping at filesystem boundary (GIT_DISCOVERY_ACROSS_FILESYSTEM not set).
2024-08-08 21:50:04.034 [info] > git rev-parse --show-toplevel [1ms]
2024-08-08 21:50:04.034 [info] fatal: not a git repository (or any parent up to mount point /)
Stopping at filesystem boundary (GIT_DISCOVERY_ACROSS_FILESYSTEM not set).
2024-08-08 21:50:04.037 [info] > git rev-parse --show-toplevel [1ms]
2024-08-08 21:50:04.037 [info] fatal: not a git repository (or any parent up to mount point /)
Stopping at filesystem boundary (GIT_DISCOVERY_ACROSS_FILESYSTEM not set).
2024-08-08 21:50:04.040 [info] > git rev-parse --show-toplevel [1ms]
2024-08-08 21:50:04.040 [info] fatal: not a git repository (or any parent up to mount point /)
Stopping at filesystem boundary (GIT_DISCOVERY_ACROSS_FILESYSTEM not set).
2024-08-08 21:50:04.044 [info] > git rev-parse --show-toplevel [1ms]
2024-08-08 21:50:04.044 [info] fatal: not a git repository (or any parent up to mount point /)
Stopping at filesystem boundary (GIT_DISCOVERY_ACROSS_FILESYSTEM not set).
2024-08-08 21:50:04.048 [info] > git rev-parse --show-toplevel [1ms]
2024-08-08 21:50:04.048 [info] fatal: not a git repository (or any parent up to mount point /)
Stopping at filesystem boundary (GIT_DISCOVERY_ACROSS_FILESYSTEM not set).
2024-08-08 21:50:04.051 [info] > git rev-parse --show-toplevel [1ms]
2024-08-08 21:50:04.051 [info] fatal: not a git repository (or any parent up to mount point /)
Stopping at filesystem boundary (GIT_DISCOVERY_ACROSS_FILESYSTEM not set).
2024-08-08 21:50:04.055 [info] > git rev-parse --show-toplevel [1ms]
2024-08-08 21:50:04.055 [info] fatal: not a git repository (or any parent up to mount point /)
Stopping at filesystem boundary (GIT_DISCOVERY_ACROSS_FILESYSTEM not set).
2024-08-08 21:50:04.060 [info] > git rev-parse --show-toplevel [3ms]
2024-08-08 21:50:04.060 [info] fatal: not a git repository (or any parent up to mount point /)
Stopping at filesystem boundary (GIT_DISCOVERY_ACROSS_FILESYSTEM not set).
2024-08-08 21:50:04.063 [info] > git rev-parse --show-toplevel [1ms]
2024-08-08 21:50:04.063 [info] fatal: not a git repository (or any parent up to mount point /)
Stopping at filesystem boundary (GIT_DISCOVERY_ACROSS_FILESYSTEM not set).
2024-08-08 21:50:04.067 [info] > git rev-parse --show-toplevel [1ms]
2024-08-08 21:50:04.067 [info] fatal: not a git repository (or any parent up to mount point /)
Stopping at filesystem boundary (GIT_DISCOVERY_ACROSS_FILESYSTEM not set).
2024-08-08 21:50:04.070 [info] > git rev-parse --show-toplevel [1ms]
2024-08-08 21:50:04.070 [info] fatal: not a git repository (or any parent up to mount point /)
Stopping at filesystem boundary (GIT_DISCOVERY_ACROSS_FILESYSTEM not set).
2024-08-08 21:50:04.073 [info] > git rev-parse --show-toplevel [1ms]
2024-08-08 21:50:04.073 [info] fatal: not a git repository (or any parent up to mount point /)
Stopping at filesystem boundary (GIT_DISCOVERY_ACROSS_FILESYSTEM not set).
2024-08-08 21:50:04.074 [info] [Model][doInitialScan] Initial repository scan completed - repositories (0), closed repositories (0), parent repositories (0), unsafe repositories (0)
2024-08-08 21:50:04.078 [info] > git rev-parse --show-toplevel [1ms]
2024-08-08 21:50:04.078 [info] fatal: not a git repository (or any parent up to mount point /)
Stopping at filesystem boundary (GIT_DISCOVERY_ACROSS_FILESYSTEM not set).
2024-08-08 21:50:04.082 [info] > git rev-parse --show-toplevel [1ms]
2024-08-08 21:50:04.082 [info] fatal: not a git repository (or any parent up to mount point /)
Stopping at filesystem boundary (GIT_DISCOVERY_ACROSS_FILESYSTEM not set).
2024-08-08 21:50:04.152 [info] > git rev-parse --show-toplevel [1ms]
2024-08-08 21:50:04.152 [info] fatal: not a git repository (or any parent up to mount point /)
Stopping at filesystem boundary (GIT_DISCOVERY_ACROSS_FILESYSTEM not set).
