2024-08-09 01:06:57.754 [info] [main] Log level: Info
2024-08-09 01:06:57.754 [info] [main] Validating found git in: "git"
2024-08-09 01:06:57.754 [info] [main] Using git "2.46.0" from "git"
2024-08-09 01:06:57.754 [info] [Model][doInitialScan] Initial repository scan started
2024-08-09 01:06:57.754 [info] > git rev-parse --show-toplevel [3ms]
2024-08-09 01:06:57.754 [info] fatal: not a git repository (or any parent up to mount point /)
Stopping at filesystem boundary (GIT_DISCOVERY_ACROSS_FILESYSTEM not set).
2024-08-09 01:06:57.754 [info] > git rev-parse --show-toplevel [11ms]
2024-08-09 01:06:57.754 [info] fatal: not a git repository (or any parent up to mount point /)
Stopping at filesystem boundary (GIT_DISCOVERY_ACROSS_FILESYSTEM not set).
2024-08-09 01:06:57.760 [info] > git rev-parse --show-toplevel [1ms]
2024-08-09 01:06:57.760 [info] fatal: not a git repository (or any parent up to mount point /)
Stopping at filesystem boundary (GIT_DISCOVERY_ACROSS_FILESYSTEM not set).
2024-08-09 01:06:57.765 [info] > git rev-parse --show-toplevel [1ms]
2024-08-09 01:06:57.765 [info] fatal: not a git repository (or any parent up to mount point /)
Stopping at filesystem boundary (GIT_DISCOVERY_ACROSS_FILESYSTEM not set).
2024-08-09 01:06:57.771 [info] > git rev-parse --show-toplevel [4ms]
2024-08-09 01:06:57.771 [info] fatal: not a git repository (or any parent up to mount point /)
Stopping at filesystem boundary (GIT_DISCOVERY_ACROSS_FILESYSTEM not set).
2024-08-09 01:06:57.774 [info] > git rev-parse --show-toplevel [1ms]
2024-08-09 01:06:57.775 [info] fatal: not a git repository (or any parent up to mount point /)
Stopping at filesystem boundary (GIT_DISCOVERY_ACROSS_FILESYSTEM not set).
2024-08-09 01:06:57.778 [info] > git rev-parse --show-toplevel [1ms]
2024-08-09 01:06:57.778 [info] fatal: not a git repository (or any parent up to mount point /)
Stopping at filesystem boundary (GIT_DISCOVERY_ACROSS_FILESYSTEM not set).
2024-08-09 01:06:57.781 [info] > git rev-parse --show-toplevel [1ms]
2024-08-09 01:06:57.781 [info] fatal: not a git repository (or any parent up to mount point /)
Stopping at filesystem boundary (GIT_DISCOVERY_ACROSS_FILESYSTEM not set).
2024-08-09 01:06:57.785 [info] > git rev-parse --show-toplevel [1ms]
2024-08-09 01:06:57.785 [info] fatal: not a git repository (or any parent up to mount point /)
Stopping at filesystem boundary (GIT_DISCOVERY_ACROSS_FILESYSTEM not set).
2024-08-09 01:06:57.789 [info] > git rev-parse --show-toplevel [2ms]
2024-08-09 01:06:57.790 [info] fatal: not a git repository (or any parent up to mount point /)
Stopping at filesystem boundary (GIT_DISCOVERY_ACROSS_FILESYSTEM not set).
2024-08-09 01:06:57.796 [info] > git rev-parse --show-toplevel [2ms]
2024-08-09 01:06:57.796 [info] fatal: not a git repository (or any parent up to mount point /)
Stopping at filesystem boundary (GIT_DISCOVERY_ACROSS_FILESYSTEM not set).
2024-08-09 01:06:57.802 [info] > git rev-parse --show-toplevel [1ms]
2024-08-09 01:06:57.802 [info] fatal: not a git repository (or any parent up to mount point /)
Stopping at filesystem boundary (GIT_DISCOVERY_ACROSS_FILESYSTEM not set).
2024-08-09 01:06:57.808 [info] > git rev-parse --show-toplevel [1ms]
2024-08-09 01:06:57.808 [info] fatal: not a git repository (or any parent up to mount point /)
Stopping at filesystem boundary (GIT_DISCOVERY_ACROSS_FILESYSTEM not set).
2024-08-09 01:06:57.813 [info] > git rev-parse --show-toplevel [1ms]
2024-08-09 01:06:57.813 [info] fatal: not a git repository (or any parent up to mount point /)
Stopping at filesystem boundary (GIT_DISCOVERY_ACROSS_FILESYSTEM not set).
2024-08-09 01:06:57.817 [info] > git rev-parse --show-toplevel [1ms]
2024-08-09 01:06:57.817 [info] fatal: not a git repository (or any parent up to mount point /)
Stopping at filesystem boundary (GIT_DISCOVERY_ACROSS_FILESYSTEM not set).
2024-08-09 01:06:57.820 [info] > git rev-parse --show-toplevel [1ms]
2024-08-09 01:06:57.820 [info] fatal: not a git repository (or any parent up to mount point /)
Stopping at filesystem boundary (GIT_DISCOVERY_ACROSS_FILESYSTEM not set).
2024-08-09 01:06:57.824 [info] > git rev-parse --show-toplevel [1ms]
2024-08-09 01:06:57.824 [info] fatal: not a git repository (or any parent up to mount point /)
Stopping at filesystem boundary (GIT_DISCOVERY_ACROSS_FILESYSTEM not set).
2024-08-09 01:06:57.828 [info] > git rev-parse --show-toplevel [1ms]
2024-08-09 01:06:57.828 [info] fatal: not a git repository (or any parent up to mount point /)
Stopping at filesystem boundary (GIT_DISCOVERY_ACROSS_FILESYSTEM not set).
2024-08-09 01:06:57.832 [info] > git rev-parse --show-toplevel [1ms]
2024-08-09 01:06:57.832 [info] fatal: not a git repository (or any parent up to mount point /)
Stopping at filesystem boundary (GIT_DISCOVERY_ACROSS_FILESYSTEM not set).
2024-08-09 01:06:57.836 [info] > git rev-parse --show-toplevel [1ms]
2024-08-09 01:06:57.836 [info] fatal: not a git repository (or any parent up to mount point /)
Stopping at filesystem boundary (GIT_DISCOVERY_ACROSS_FILESYSTEM not set).
2024-08-09 01:06:57.839 [info] > git rev-parse --show-toplevel [1ms]
2024-08-09 01:06:57.839 [info] fatal: not a git repository (or any parent up to mount point /)
Stopping at filesystem boundary (GIT_DISCOVERY_ACROSS_FILESYSTEM not set).
2024-08-09 01:06:57.842 [info] > git rev-parse --show-toplevel [1ms]
2024-08-09 01:06:57.842 [info] fatal: not a git repository (or any parent up to mount point /)
Stopping at filesystem boundary (GIT_DISCOVERY_ACROSS_FILESYSTEM not set).
2024-08-09 01:06:57.846 [info] > git rev-parse --show-toplevel [1ms]
2024-08-09 01:06:57.846 [info] fatal: not a git repository (or any parent up to mount point /)
Stopping at filesystem boundary (GIT_DISCOVERY_ACROSS_FILESYSTEM not set).
2024-08-09 01:06:57.850 [info] > git rev-parse --show-toplevel [1ms]
2024-08-09 01:06:57.850 [info] fatal: not a git repository (or any parent up to mount point /)
Stopping at filesystem boundary (GIT_DISCOVERY_ACROSS_FILESYSTEM not set).
2024-08-09 01:06:57.853 [info] > git rev-parse --show-toplevel [1ms]
2024-08-09 01:06:57.853 [info] fatal: not a git repository (or any parent up to mount point /)
Stopping at filesystem boundary (GIT_DISCOVERY_ACROSS_FILESYSTEM not set).
2024-08-09 01:06:57.857 [info] > git rev-parse --show-toplevel [1ms]
2024-08-09 01:06:57.857 [info] fatal: not a git repository (or any parent up to mount point /)
Stopping at filesystem boundary (GIT_DISCOVERY_ACROSS_FILESYSTEM not set).
2024-08-09 01:06:57.860 [info] > git rev-parse --show-toplevel [1ms]
2024-08-09 01:06:57.860 [info] fatal: not a git repository (or any parent up to mount point /)
Stopping at filesystem boundary (GIT_DISCOVERY_ACROSS_FILESYSTEM not set).
2024-08-09 01:06:57.864 [info] > git rev-parse --show-toplevel [1ms]
2024-08-09 01:06:57.864 [info] fatal: not a git repository (or any parent up to mount point /)
Stopping at filesystem boundary (GIT_DISCOVERY_ACROSS_FILESYSTEM not set).
2024-08-09 01:06:57.869 [info] > git rev-parse --show-toplevel [3ms]
2024-08-09 01:06:57.869 [info] fatal: not a git repository (or any parent up to mount point /)
Stopping at filesystem boundary (GIT_DISCOVERY_ACROSS_FILESYSTEM not set).
2024-08-09 01:06:57.873 [info] > git rev-parse --show-toplevel [1ms]
2024-08-09 01:06:57.873 [info] fatal: not a git repository (or any parent up to mount point /)
Stopping at filesystem boundary (GIT_DISCOVERY_ACROSS_FILESYSTEM not set).
2024-08-09 01:06:57.876 [info] > git rev-parse --show-toplevel [1ms]
2024-08-09 01:06:57.876 [info] fatal: not a git repository (or any parent up to mount point /)
Stopping at filesystem boundary (GIT_DISCOVERY_ACROSS_FILESYSTEM not set).
2024-08-09 01:06:57.880 [info] > git rev-parse --show-toplevel [1ms]
2024-08-09 01:06:57.880 [info] fatal: not a git repository (or any parent up to mount point /)
Stopping at filesystem boundary (GIT_DISCOVERY_ACROSS_FILESYSTEM not set).
2024-08-09 01:06:57.885 [info] > git rev-parse --show-toplevel [1ms]
2024-08-09 01:06:57.885 [info] fatal: not a git repository (or any parent up to mount point /)
Stopping at filesystem boundary (GIT_DISCOVERY_ACROSS_FILESYSTEM not set).
2024-08-09 01:06:57.889 [info] > git rev-parse --show-toplevel [1ms]
2024-08-09 01:06:57.889 [info] fatal: not a git repository (or any parent up to mount point /)
Stopping at filesystem boundary (GIT_DISCOVERY_ACROSS_FILESYSTEM not set).
2024-08-09 01:06:57.892 [info] > git rev-parse --show-toplevel [1ms]
2024-08-09 01:06:57.892 [info] fatal: not a git repository (or any parent up to mount point /)
Stopping at filesystem boundary (GIT_DISCOVERY_ACROSS_FILESYSTEM not set).
2024-08-09 01:06:57.896 [info] > git rev-parse --show-toplevel [1ms]
2024-08-09 01:06:57.897 [info] fatal: not a git repository (or any parent up to mount point /)
Stopping at filesystem boundary (GIT_DISCOVERY_ACROSS_FILESYSTEM not set).
2024-08-09 01:06:57.901 [info] > git rev-parse --show-toplevel [1ms]
2024-08-09 01:06:57.901 [info] fatal: not a git repository (or any parent up to mount point /)
Stopping at filesystem boundary (GIT_DISCOVERY_ACROSS_FILESYSTEM not set).
2024-08-09 01:06:57.905 [info] > git rev-parse --show-toplevel [1ms]
2024-08-09 01:06:57.905 [info] fatal: not a git repository (or any parent up to mount point /)
Stopping at filesystem boundary (GIT_DISCOVERY_ACROSS_FILESYSTEM not set).
2024-08-09 01:06:57.909 [info] > git rev-parse --show-toplevel [1ms]
2024-08-09 01:06:57.909 [info] fatal: not a git repository (or any parent up to mount point /)
Stopping at filesystem boundary (GIT_DISCOVERY_ACROSS_FILESYSTEM not set).
2024-08-09 01:06:57.911 [info] [Model][doInitialScan] Initial repository scan completed - repositories (0), closed repositories (0), parent repositories (0), unsafe repositories (0)
2024-08-09 01:06:57.916 [info] > git rev-parse --show-toplevel [0ms]
2024-08-09 01:06:57.916 [info] fatal: not a git repository (or any parent up to mount point /)
Stopping at filesystem boundary (GIT_DISCOVERY_ACROSS_FILESYSTEM not set).
2024-08-09 01:06:57.924 [info] > git rev-parse --show-toplevel [5ms]
2024-08-09 01:06:57.924 [info] fatal: not a git repository (or any parent up to mount point /)
Stopping at filesystem boundary (GIT_DISCOVERY_ACROSS_FILESYSTEM not set).
2024-08-09 01:06:57.967 [info] > git rev-parse --show-toplevel [1ms]
2024-08-09 01:06:57.967 [info] fatal: not a git repository (or any parent up to mount point /)
Stopping at filesystem boundary (GIT_DISCOVERY_ACROSS_FILESYSTEM not set).
2024-08-09 01:06:59.681 [info] > git rev-parse --show-toplevel [0ms]
2024-08-09 01:06:59.681 [info] fatal: not a git repository (or any parent up to mount point /)
Stopping at filesystem boundary (GIT_DISCOVERY_ACROSS_FILESYSTEM not set).
