2024-08-09 01:06:19.488 [info] [main] Log level: Info
2024-08-09 01:06:19.488 [info] [main] Validating found git in: "git"
2024-08-09 01:06:19.488 [info] [main] Using git "2.46.0" from "git"
2024-08-09 01:06:19.488 [info] [Model][doInitialScan] Initial repository scan started
2024-08-09 01:06:19.488 [info] > git rev-parse --show-toplevel [5ms]
2024-08-09 01:06:19.488 [info] fatal: not a git repository (or any parent up to mount point /)
Stopping at filesystem boundary (GIT_DISCOVERY_ACROSS_FILESYSTEM not set).
2024-08-09 01:06:19.488 [info] > git rev-parse --show-toplevel [1ms]
2024-08-09 01:06:19.488 [info] fatal: not a git repository (or any parent up to mount point /)
Stopping at filesystem boundary (GIT_DISCOVERY_ACROSS_FILESYSTEM not set).
2024-08-09 01:06:19.493 [info] > git rev-parse --show-toplevel [1ms]
2024-08-09 01:06:19.493 [info] fatal: not a git repository (or any parent up to mount point /)
Stopping at filesystem boundary (GIT_DISCOVERY_ACROSS_FILESYSTEM not set).
2024-08-09 01:06:19.497 [info] > git rev-parse --show-toplevel [1ms]
2024-08-09 01:06:19.497 [info] fatal: not a git repository (or any parent up to mount point /)
Stopping at filesystem boundary (GIT_DISCOVERY_ACROSS_FILESYSTEM not set).
2024-08-09 01:06:19.503 [info] > git rev-parse --show-toplevel [1ms]
2024-08-09 01:06:19.503 [info] fatal: not a git repository (or any parent up to mount point /)
Stopping at filesystem boundary (GIT_DISCOVERY_ACROSS_FILESYSTEM not set).
2024-08-09 01:06:19.507 [info] > git rev-parse --show-toplevel [1ms]
2024-08-09 01:06:19.507 [info] fatal: not a git repository (or any parent up to mount point /)
Stopping at filesystem boundary (GIT_DISCOVERY_ACROSS_FILESYSTEM not set).
2024-08-09 01:06:19.511 [info] > git rev-parse --show-toplevel [1ms]
2024-08-09 01:06:19.511 [info] fatal: not a git repository (or any parent up to mount point /)
Stopping at filesystem boundary (GIT_DISCOVERY_ACROSS_FILESYSTEM not set).
2024-08-09 01:06:19.514 [info] > git rev-parse --show-toplevel [1ms]
2024-08-09 01:06:19.514 [info] fatal: not a git repository (or any parent up to mount point /)
Stopping at filesystem boundary (GIT_DISCOVERY_ACROSS_FILESYSTEM not set).
2024-08-09 01:06:19.518 [info] > git rev-parse --show-toplevel [2ms]
2024-08-09 01:06:19.518 [info] fatal: not a git repository (or any parent up to mount point /)
Stopping at filesystem boundary (GIT_DISCOVERY_ACROSS_FILESYSTEM not set).
2024-08-09 01:06:19.521 [info] > git rev-parse --show-toplevel [1ms]
2024-08-09 01:06:19.521 [info] fatal: not a git repository (or any parent up to mount point /)
Stopping at filesystem boundary (GIT_DISCOVERY_ACROSS_FILESYSTEM not set).
2024-08-09 01:06:19.524 [info] > git rev-parse --show-toplevel [1ms]
2024-08-09 01:06:19.524 [info] fatal: not a git repository (or any parent up to mount point /)
Stopping at filesystem boundary (GIT_DISCOVERY_ACROSS_FILESYSTEM not set).
2024-08-09 01:06:19.529 [info] > git rev-parse --show-toplevel [1ms]
2024-08-09 01:06:19.529 [info] fatal: not a git repository (or any parent up to mount point /)
Stopping at filesystem boundary (GIT_DISCOVERY_ACROSS_FILESYSTEM not set).
2024-08-09 01:06:19.534 [info] > git rev-parse --show-toplevel [1ms]
2024-08-09 01:06:19.534 [info] fatal: not a git repository (or any parent up to mount point /)
Stopping at filesystem boundary (GIT_DISCOVERY_ACROSS_FILESYSTEM not set).
2024-08-09 01:06:19.538 [info] > git rev-parse --show-toplevel [1ms]
2024-08-09 01:06:19.539 [info] fatal: not a git repository (or any parent up to mount point /)
Stopping at filesystem boundary (GIT_DISCOVERY_ACROSS_FILESYSTEM not set).
2024-08-09 01:06:19.542 [info] > git rev-parse --show-toplevel [1ms]
2024-08-09 01:06:19.542 [info] fatal: not a git repository (or any parent up to mount point /)
Stopping at filesystem boundary (GIT_DISCOVERY_ACROSS_FILESYSTEM not set).
2024-08-09 01:06:19.547 [info] > git rev-parse --show-toplevel [2ms]
2024-08-09 01:06:19.547 [info] fatal: not a git repository (or any parent up to mount point /)
Stopping at filesystem boundary (GIT_DISCOVERY_ACROSS_FILESYSTEM not set).
2024-08-09 01:06:19.550 [info] > git rev-parse --show-toplevel [1ms]
2024-08-09 01:06:19.550 [info] fatal: not a git repository (or any parent up to mount point /)
Stopping at filesystem boundary (GIT_DISCOVERY_ACROSS_FILESYSTEM not set).
2024-08-09 01:06:19.554 [info] > git rev-parse --show-toplevel [1ms]
2024-08-09 01:06:19.554 [info] fatal: not a git repository (or any parent up to mount point /)
Stopping at filesystem boundary (GIT_DISCOVERY_ACROSS_FILESYSTEM not set).
2024-08-09 01:06:19.559 [info] > git rev-parse --show-toplevel [1ms]
2024-08-09 01:06:19.559 [info] fatal: not a git repository (or any parent up to mount point /)
Stopping at filesystem boundary (GIT_DISCOVERY_ACROSS_FILESYSTEM not set).
2024-08-09 01:06:19.562 [info] > git rev-parse --show-toplevel [1ms]
2024-08-09 01:06:19.562 [info] fatal: not a git repository (or any parent up to mount point /)
Stopping at filesystem boundary (GIT_DISCOVERY_ACROSS_FILESYSTEM not set).
2024-08-09 01:06:19.565 [info] > git rev-parse --show-toplevel [1ms]
2024-08-09 01:06:19.565 [info] fatal: not a git repository (or any parent up to mount point /)
Stopping at filesystem boundary (GIT_DISCOVERY_ACROSS_FILESYSTEM not set).
2024-08-09 01:06:19.569 [info] > git rev-parse --show-toplevel [0ms]
2024-08-09 01:06:19.569 [info] fatal: not a git repository (or any parent up to mount point /)
Stopping at filesystem boundary (GIT_DISCOVERY_ACROSS_FILESYSTEM not set).
2024-08-09 01:06:19.572 [info] > git rev-parse --show-toplevel [1ms]
2024-08-09 01:06:19.572 [info] fatal: not a git repository (or any parent up to mount point /)
Stopping at filesystem boundary (GIT_DISCOVERY_ACROSS_FILESYSTEM not set).
2024-08-09 01:06:19.574 [info] > git rev-parse --show-toplevel [0ms]
2024-08-09 01:06:19.574 [info] fatal: not a git repository (or any parent up to mount point /)
Stopping at filesystem boundary (GIT_DISCOVERY_ACROSS_FILESYSTEM not set).
2024-08-09 01:06:19.579 [info] > git rev-parse --show-toplevel [1ms]
2024-08-09 01:06:19.579 [info] fatal: not a git repository (or any parent up to mount point /)
Stopping at filesystem boundary (GIT_DISCOVERY_ACROSS_FILESYSTEM not set).
2024-08-09 01:06:19.582 [info] > git rev-parse --show-toplevel [1ms]
2024-08-09 01:06:19.582 [info] fatal: not a git repository (or any parent up to mount point /)
Stopping at filesystem boundary (GIT_DISCOVERY_ACROSS_FILESYSTEM not set).
2024-08-09 01:06:19.585 [info] > git rev-parse --show-toplevel [1ms]
2024-08-09 01:06:19.585 [info] fatal: not a git repository (or any parent up to mount point /)
Stopping at filesystem boundary (GIT_DISCOVERY_ACROSS_FILESYSTEM not set).
2024-08-09 01:06:19.588 [info] > git rev-parse --show-toplevel [1ms]
2024-08-09 01:06:19.588 [info] fatal: not a git repository (or any parent up to mount point /)
Stopping at filesystem boundary (GIT_DISCOVERY_ACROSS_FILESYSTEM not set).
2024-08-09 01:06:19.592 [info] > git rev-parse --show-toplevel [1ms]
2024-08-09 01:06:19.592 [info] fatal: not a git repository (or any parent up to mount point /)
Stopping at filesystem boundary (GIT_DISCOVERY_ACROSS_FILESYSTEM not set).
2024-08-09 01:06:19.598 [info] > git rev-parse --show-toplevel [4ms]
2024-08-09 01:06:19.598 [info] fatal: not a git repository (or any parent up to mount point /)
Stopping at filesystem boundary (GIT_DISCOVERY_ACROSS_FILESYSTEM not set).
2024-08-09 01:06:19.602 [info] > git rev-parse --show-toplevel [1ms]
2024-08-09 01:06:19.602 [info] fatal: not a git repository (or any parent up to mount point /)
Stopping at filesystem boundary (GIT_DISCOVERY_ACROSS_FILESYSTEM not set).
2024-08-09 01:06:19.605 [info] > git rev-parse --show-toplevel [1ms]
2024-08-09 01:06:19.605 [info] fatal: not a git repository (or any parent up to mount point /)
Stopping at filesystem boundary (GIT_DISCOVERY_ACROSS_FILESYSTEM not set).
2024-08-09 01:06:19.609 [info] > git rev-parse --show-toplevel [1ms]
2024-08-09 01:06:19.609 [info] fatal: not a git repository (or any parent up to mount point /)
Stopping at filesystem boundary (GIT_DISCOVERY_ACROSS_FILESYSTEM not set).
2024-08-09 01:06:19.612 [info] > git rev-parse --show-toplevel [0ms]
2024-08-09 01:06:19.613 [info] fatal: not a git repository (or any parent up to mount point /)
Stopping at filesystem boundary (GIT_DISCOVERY_ACROSS_FILESYSTEM not set).
2024-08-09 01:06:19.617 [info] > git rev-parse --show-toplevel [1ms]
2024-08-09 01:06:19.617 [info] fatal: not a git repository (or any parent up to mount point /)
Stopping at filesystem boundary (GIT_DISCOVERY_ACROSS_FILESYSTEM not set).
2024-08-09 01:06:19.621 [info] > git rev-parse --show-toplevel [1ms]
2024-08-09 01:06:19.621 [info] fatal: not a git repository (or any parent up to mount point /)
Stopping at filesystem boundary (GIT_DISCOVERY_ACROSS_FILESYSTEM not set).
2024-08-09 01:06:19.624 [info] > git rev-parse --show-toplevel [1ms]
2024-08-09 01:06:19.624 [info] fatal: not a git repository (or any parent up to mount point /)
Stopping at filesystem boundary (GIT_DISCOVERY_ACROSS_FILESYSTEM not set).
2024-08-09 01:06:19.628 [info] > git rev-parse --show-toplevel [1ms]
2024-08-09 01:06:19.628 [info] fatal: not a git repository (or any parent up to mount point /)
Stopping at filesystem boundary (GIT_DISCOVERY_ACROSS_FILESYSTEM not set).
2024-08-09 01:06:19.634 [info] > git rev-parse --show-toplevel [4ms]
2024-08-09 01:06:19.634 [info] fatal: not a git repository (or any parent up to mount point /)
Stopping at filesystem boundary (GIT_DISCOVERY_ACROSS_FILESYSTEM not set).
2024-08-09 01:06:19.635 [info] [Model][doInitialScan] Initial repository scan completed - repositories (0), closed repositories (0), parent repositories (0), unsafe repositories (0)
2024-08-09 01:06:19.639 [info] > git rev-parse --show-toplevel [1ms]
2024-08-09 01:06:19.639 [info] fatal: not a git repository (or any parent up to mount point /)
Stopping at filesystem boundary (GIT_DISCOVERY_ACROSS_FILESYSTEM not set).
2024-08-09 01:06:19.643 [info] > git rev-parse --show-toplevel [1ms]
2024-08-09 01:06:19.643 [info] fatal: not a git repository (or any parent up to mount point /)
Stopping at filesystem boundary (GIT_DISCOVERY_ACROSS_FILESYSTEM not set).
2024-08-09 01:06:19.668 [info] > git rev-parse --show-toplevel [1ms]
2024-08-09 01:06:19.668 [info] fatal: not a git repository (or any parent up to mount point /)
Stopping at filesystem boundary (GIT_DISCOVERY_ACROSS_FILESYSTEM not set).
2024-08-09 01:06:21.388 [info] > git rev-parse --show-toplevel [1ms]
2024-08-09 01:06:21.388 [info] fatal: not a git repository (or any parent up to mount point /)
Stopping at filesystem boundary (GIT_DISCOVERY_ACROSS_FILESYSTEM not set).
2024-08-09 01:06:21.457 [info] > git rev-parse --show-toplevel [1ms]
2024-08-09 01:06:21.457 [info] fatal: not a git repository (or any parent up to mount point /)
Stopping at filesystem boundary (GIT_DISCOVERY_ACROSS_FILESYSTEM not set).
