2024-08-09 20:58:01.704 [info] Added views:workbench.panel.markers.view in workbench.panel.markers
2024-08-09 20:58:01.704 [info] Added views:workbench.panel.output in workbench.panel.output
2024-08-09 20:58:01.704 [info] Added views:terminal in terminal
2024-08-09 20:58:01.704 [info] Added views:outline in workbench.view.explorer
2024-08-09 20:58:01.704 [info] Added views:workbench.scm in workbench.view.scm
2024-08-09 20:58:01.704 [info] Added views:workbench.view.search in workbench.view.search
2024-08-09 20:58:01.704 [info] Added views:timeline in workbench.view.explorer
2024-08-09 20:58:01.704 [info] Added views:workbench.explorer.fileView in workbench.view.explorer
2024-08-09 20:58:01.893 [info] Added views:workbench.debug.variablesView,workbench.debug.watchExpressionsView,workbench.debug.callStackView,workbench.debug.breakPointsView in workbench.view.debug
2024-08-09 20:58:02.011 [info] Added views:workbench.panel.repl.view in workbench.panel.repl
2024-08-09 20:58:02.012 [info] Removed views:workbench.debug.breakPointsView,workbench.debug.callStackView,workbench.debug.watchExpressionsView,workbench.debug.variablesView from workbench.view.debug
2024-08-09 20:58:02.012 [info] Added views:workbench.debug.welcome in workbench.view.debug
2024-08-09 20:58:02.125 [info] Added views:~remote.forwardedPorts in ~remote.forwardedPortsContainer
2024-08-09 21:09:55.156 [info] Added views:workbench.panel.markers.view in workbench.panel.markers
2024-08-09 21:09:55.156 [info] Added views:workbench.panel.output in workbench.panel.output
2024-08-09 21:09:55.156 [info] Added views:terminal in terminal
2024-08-09 21:09:55.156 [info] Added views:outline in workbench.view.explorer
2024-08-09 21:09:55.156 [info] Added views:workbench.scm in workbench.view.scm
2024-08-09 21:09:55.156 [info] Added views:workbench.view.search in workbench.view.search
2024-08-09 21:09:55.156 [info] Added views:timeline in workbench.view.explorer
2024-08-09 21:09:55.156 [info] Added views:workbench.explorer.fileView in workbench.view.explorer
2024-08-09 21:09:55.338 [info] Added views:workbench.debug.variablesView,workbench.debug.watchExpressionsView,workbench.debug.callStackView,workbench.debug.breakPointsView in workbench.view.debug
2024-08-09 21:09:55.478 [info] Added views:workbench.panel.repl.view in workbench.panel.repl
2024-08-09 21:09:55.478 [info] Removed views:workbench.debug.breakPointsView,workbench.debug.callStackView,workbench.debug.watchExpressionsView,workbench.debug.variablesView from workbench.view.debug
2024-08-09 21:09:55.479 [info] Added views:workbench.debug.welcome in workbench.view.debug
2024-08-09 21:09:55.532 [info] Added views:~remote.forwardedPorts in ~remote.forwardedPortsContainer
